<?xml version="1.0" encoding="UTF-8"?>
<testng-results ignored="0" total="3" passed="3" failed="0" skipped="0">
  <reporter-output>
  </reporter-output>
  <suite started-at="2024-04-14T18:44:57 IST" name="Default suite" finished-at="2024-04-14T18:45:08 IST" duration-ms="11158">
    <groups>
    </groups>
    <test started-at="2024-04-14T18:44:57 IST" name="Default test" finished-at="2024-04-14T18:45:08 IST" duration-ms="11158">
      <class name="DynamicJson">
        <test-method signature="addBook(java.lang.String,java.lang.String)[pri:0, instance:DynamicJson@4b0b0854]" started-at="2024-04-14T18:44:57 IST" name="addBook" data-provider="booksData" finished-at="2024-04-14T18:45:06 IST" duration-ms="9126" status="PASS">
          <params>
            <param index="0">
              <value>
                <![CDATA[aa]]>
              </value>
            </param>
            <param index="1">
              <value>
                <![CDATA[11]]>
              </value>
            </param>
          </params>
          <reporter-output>
          </reporter-output>
        </test-method> <!-- addBook -->
        <test-method signature="addBook(java.lang.String,java.lang.String)[pri:0, instance:DynamicJson@4b0b0854]" started-at="2024-04-14T18:45:06 IST" name="addBook" data-provider="booksData" finished-at="2024-04-14T18:45:07 IST" duration-ms="1040" status="PASS">
          <params>
            <param index="0">
              <value>
                <![CDATA[bb]]>
              </value>
            </param>
            <param index="1">
              <value>
                <![CDATA[22]]>
              </value>
            </param>
          </params>
          <reporter-output>
          </reporter-output>
        </test-method> <!-- addBook -->
        <test-method signature="addBook(java.lang.String,java.lang.String)[pri:0, instance:DynamicJson@4b0b0854]" started-at="2024-04-14T18:45:07 IST" name="addBook" data-provider="booksData" finished-at="2024-04-14T18:45:08 IST" duration-ms="739" status="PASS">
          <params>
            <param index="0">
              <value>
                <![CDATA[cc]]>
              </value>
            </param>
            <param index="1">
              <value>
                <![CDATA[33]]>
              </value>
            </param>
          </params>
          <reporter-output>
          </reporter-output>
        </test-method> <!-- addBook -->
      </class> <!-- DynamicJson -->
    </test> <!-- Default test -->
  </suite> <!-- Default suite -->
</testng-results>
